<?xml version="1.0" encoding="UTF-8"?>
<!-- Generated by org.testng.reporters.JUnitReportReporter -->
<testsuite hostname="DESKTOP-8JDMI1P" failures="0" tests="3" name="NaveenBDDRunner.RegistrationTestRunner" time="0.419" errors="0" timestamp="2024-07-31T14:35:45 IST" skipped="0">
  <testcase classname="NaveenBDDRunner.RegistrationTestRunner" name="runScenario" time="0.321"/>
  <system-out/>
  <testcase classname="NaveenBDDRunner.RegistrationTestRunner" name="runScenario" time="0.054"/>
  <system-out/>
  <testcase classname="NaveenBDDRunner.RegistrationTestRunner" name="runScenario" time="0.044"/>
  <system-out/>
</testsuite> <!-- NaveenBDDRunner.RegistrationTestRunner -->
