<?xml version="1.0" encoding="UTF-8"?>
<!-- Generated by org.testng.reporters.JUnitReportReporter -->
<testsuite hostname="DESKTOP-8JDMI1P" failures="0" tests="1" name="NaveenBDDRunner.CRMLogin" time="32.128" errors="0" timestamp="2024-08-01T00:43:02 IST" skipped="0">
  <testcase classname="NaveenBDDRunner.CRMLogin" name="runScenario" time="32.128"/>
  <system-out/>
</testsuite> <!-- NaveenBDDRunner.CRMLogin -->
